0 info it worked if it ends with ok
1 verbose cli [ 'node',
1 verbose cli   '/usr/local/bin/npm',
1 verbose cli   'install',
1 verbose cli   'node-sass',
1 verbose cli   '--save-dev' ]
2 info using npm@2.11.3
3 info using node@v0.12.7
4 verbose install initial load of /Users/Mike/Websites/personal-website/package.json
5 verbose installManyTop reading scoped package data from /Users/Mike/Websites/personal-website/node_modules/browser-sync/package.json
6 verbose installManyTop reading scoped package data from /Users/Mike/Websites/personal-website/node_modules/childprocess/package.json
7 verbose installManyTop reading scoped package data from /Users/Mike/Websites/personal-website/node_modules/gulp/package.json
8 verbose installManyTop reading scoped package data from /Users/Mike/Websites/personal-website/node_modules/gulp-autoprefixer/package.json
9 verbose installManyTop reading scoped package data from /Users/Mike/Websites/personal-website/node_modules/gulp-imagemin/package.json
10 verbose installManyTop reading scoped package data from /Users/Mike/Websites/personal-website/node_modules/gulp-livereload/package.json
11 verbose installManyTop reading scoped package data from /Users/Mike/Websites/personal-website/node_modules/gulp-notify/package.json
12 verbose installManyTop reading scoped package data from /Users/Mike/Websites/personal-website/node_modules/gulp-plumber/package.json
13 verbose installManyTop reading scoped package data from /Users/Mike/Websites/personal-website/node_modules/gulp-ruby-sass/package.json
14 verbose installManyTop reading scoped package data from /Users/Mike/Websites/personal-website/node_modules/gulp-sass/package.json
15 verbose installManyTop reading scoped package data from /Users/Mike/Websites/personal-website/node_modules/gulp-uglify/package.json
16 info package.json gulp-notify@2.2.0 No license field.
17 verbose readDependencies loading dependencies from /Users/Mike/Websites/personal-website/package.json
18 silly cache add args [ 'node-sass', null ]
19 verbose cache add spec node-sass
20 silly cache add parsed spec { raw: 'node-sass',
20 silly cache add   scope: null,
20 silly cache add   name: 'node-sass',
20 silly cache add   rawSpec: '',
20 silly cache add   spec: '*',
20 silly cache add   type: 'range' }
21 silly addNamed node-sass@*
22 verbose addNamed "*" is a valid semver range for node-sass
23 silly addNameRange { name: 'node-sass', range: '*', hasData: false }
24 silly mapToRegistry name node-sass
25 silly mapToRegistry using default registry
26 silly mapToRegistry registry https://registry.npmjs.org/
27 silly mapToRegistry uri https://registry.npmjs.org/node-sass
28 verbose addNameRange registry:https://registry.npmjs.org/node-sass not in flight; fetching
29 verbose request uri https://registry.npmjs.org/node-sass
30 verbose request no auth needed
31 info attempt registry request try #1 at 1:37:32 AM
32 verbose request id fcce1953e1852fe1
33 verbose etag "D4CSBYXLTASPFR8U0VPYSIOL4"
34 http request GET https://registry.npmjs.org/node-sass
35 http 304 https://registry.npmjs.org/node-sass
36 silly get cb [ 304,
36 silly get   { date: 'Mon, 28 Dec 2015 01:37:32 GMT',
36 silly get     via: '1.1 varnish',
36 silly get     'cache-control': 'max-age=300',
36 silly get     etag: '"D4CSBYXLTASPFR8U0VPYSIOL4"',
36 silly get     age: '268',
36 silly get     connection: 'keep-alive',
36 silly get     'x-served-by': 'cache-ams4146-AMS',
36 silly get     'x-cache': 'HIT',
36 silly get     'x-cache-hits': '1',
36 silly get     'x-timer': 'S1451266652.260778,VS0,VE0',
36 silly get     vary: 'Accept' } ]
37 verbose etag https://registry.npmjs.org/node-sass from cache
38 verbose get saving node-sass to /Users/Mike/.npm/registry.npmjs.org/node-sass/.cache.json
39 silly addNameRange number 2 { name: 'node-sass', range: '*', hasData: true }
40 silly addNameRange versions [ 'node-sass',
40 silly addNameRange   [ '0.2.0',
40 silly addNameRange     '0.2.1',
40 silly addNameRange     '0.2.2',
40 silly addNameRange     '0.2.3',
40 silly addNameRange     '0.2.4',
40 silly addNameRange     '0.2.5',
40 silly addNameRange     '0.2.6',
40 silly addNameRange     '0.3.0',
40 silly addNameRange     '0.4.0',
40 silly addNameRange     '0.4.1',
40 silly addNameRange     '0.4.2',
40 silly addNameRange     '0.4.3',
40 silly addNameRange     '0.4.4',
40 silly addNameRange     '0.5.0',
40 silly addNameRange     '0.5.1',
40 silly addNameRange     '0.5.2',
40 silly addNameRange     '0.5.3',
40 silly addNameRange     '0.5.4',
40 silly addNameRange     '0.6.0',
40 silly addNameRange     '0.6.1',
40 silly addNameRange     '0.6.2',
40 silly addNameRange     '0.6.3',
40 silly addNameRange     '0.6.4',
40 silly addNameRange     '0.6.5',
40 silly addNameRange     '0.6.6',
40 silly addNameRange     '0.6.7',
40 silly addNameRange     '0.7.0-alpha',
40 silly addNameRange     '0.7.0',
40 silly addNameRange     '0.8.0',
40 silly addNameRange     '0.8.1',
40 silly addNameRange     '0.8.2',
40 silly addNameRange     '0.8.3',
40 silly addNameRange     '0.8.4',
40 silly addNameRange     '0.8.5',
40 silly addNameRange     '0.8.6',
40 silly addNameRange     '0.9.0',
40 silly addNameRange     '0.9.1',
40 silly addNameRange     '0.9.2',
40 silly addNameRange     '0.9.3',
40 silly addNameRange     '0.9.4-rc1',
40 silly addNameRange     '0.9.4',
40 silly addNameRange     '0.9.5-rc1',
40 silly addNameRange     '0.9.5',
40 silly addNameRange     '0.9.6',
40 silly addNameRange     '1.0.0',
40 silly addNameRange     '1.0.1',
40 silly addNameRange     '1.0.2-alpha',
40 silly addNameRange     '1.0.2',
40 silly addNameRange     '1.0.3',
40 silly addNameRange     '1.1.0',
40 silly addNameRange     '1.1.1',
40 silly addNameRange     '1.1.2',
40 silly addNameRange     '1.1.3',
40 silly addNameRange     '1.1.4',
40 silly addNameRange     '1.2.0',
40 silly addNameRange     '1.2.1',
40 silly addNameRange     '1.2.2',
40 silly addNameRange     '1.2.3',
40 silly addNameRange     '2.0.0-beta',
40 silly addNameRange     '2.0.0',
40 silly addNameRange     '2.0.1',
40 silly addNameRange     '3.0.0-alpha.0',
40 silly addNameRange     '3.0.0-beta.2',
40 silly addNameRange     '3.0.0-beta.3',
40 silly addNameRange     '3.0.0-beta.4',
40 silly addNameRange     '2.1.0',
40 silly addNameRange     '2.1.1',
40 silly addNameRange     '3.0.0-beta.5',
40 silly addNameRange     '3.0.0-beta.7',
40 silly addNameRange     '3.0.0',
40 silly addNameRange     '3.1.0',
40 silly addNameRange     '3.1.1',
40 silly addNameRange     '3.1.2',
40 silly addNameRange     '3.2.0',
40 silly addNameRange     '3.3.0',
40 silly addNameRange     '3.3.1',
40 silly addNameRange     '3.3.2',
40 silly addNameRange     '3.3.3',
40 silly addNameRange     '3.4.0-beta1',
40 silly addNameRange     '3.4.0-beta.2',
40 silly addNameRange     '3.4.0',
40 silly addNameRange     '3.4.1',
40 silly addNameRange     '3.4.2' ] ]
41 silly addNamed node-sass@3.4.2
42 verbose addNamed "3.4.2" is a plain semver version for node-sass
43 silly cache afterAdd node-sass@3.4.2
44 verbose afterAdd /Users/Mike/.npm/node-sass/3.4.2/package/package.json not in flight; writing
45 verbose afterAdd /Users/Mike/.npm/node-sass/3.4.2/package/package.json written
46 silly install resolved [ { name: 'node-sass',
46 silly install resolved     version: '3.4.2',
46 silly install resolved     libsass: '3.3.2',
46 silly install resolved     description: 'Wrapper around libsass',
46 silly install resolved     license: 'MIT',
46 silly install resolved     homepage: 'https://github.com/sass/node-sass',
46 silly install resolved     repository:
46 silly install resolved      { type: 'git',
46 silly install resolved        url: 'git+https://github.com/sass/node-sass.git' },
46 silly install resolved     author:
46 silly install resolved      { name: 'Andrew Nesbitt',
46 silly install resolved        email: 'andrewnez@gmail.com',
46 silly install resolved        url: 'http://andrew.github.com' },
46 silly install resolved     engines: { node: '>=0.10.0' },
46 silly install resolved     main: 'lib/index.js',
46 silly install resolved     nodeSassConfig: { binarySite: 'https://github.com/sass/node-sass/releases/download' },
46 silly install resolved     bin: { 'node-sass': 'bin/node-sass' },
46 silly install resolved     gypfile: true,
46 silly install resolved     scripts:
46 silly install resolved      { coverage: 'node scripts/coverage.js',
46 silly install resolved        install: 'node scripts/install.js',
46 silly install resolved        postinstall: 'node scripts/build.js',
46 silly install resolved        pretest: 'jshint bin lib scripts test',
46 silly install resolved        test: 'mocha test' },
46 silly install resolved     files: [ 'bin', 'binding.gyp', 'lib', 'scripts', 'src' ],
46 silly install resolved     keywords: [ 'css', 'libsass', 'preprocessor', 'sass', 'scss', 'style' ],
46 silly install resolved     dependencies:
46 silly install resolved      { 'async-foreach': '^0.1.3',
46 silly install resolved        chalk: '^1.1.1',
46 silly install resolved        'cross-spawn': '^2.0.0',
46 silly install resolved        gaze: '^0.5.1',
46 silly install resolved        'get-stdin': '^4.0.1',
46 silly install resolved        glob: '^5.0.14',
46 silly install resolved        meow: '^3.3.0',
46 silly install resolved        mkdirp: '^0.5.1',
46 silly install resolved        nan: '^2.0.8',
46 silly install resolved        npmconf: '^2.1.2',
46 silly install resolved        'node-gyp': '^3.0.1',
46 silly install resolved        request: '^2.61.0',
46 silly install resolved        'sass-graph': '^2.0.1' },
46 silly install resolved     devDependencies:
46 silly install resolved      { coveralls: '^2.11.4',
46 silly install resolved        istanbul: '^0.3.18',
46 silly install resolved        jshint: '^2.8.0',
46 silly install resolved        mocha: '^2.2.5',
46 silly install resolved        'mocha-lcov-reporter': '^0.0.2',
46 silly install resolved        rimraf: '^2.4.2' },
46 silly install resolved     gitHead: '8ebf2a85ca182c86445add57d3ba480b59060ef7',
46 silly install resolved     bugs: { url: 'https://github.com/sass/node-sass/issues' },
46 silly install resolved     _id: 'node-sass@3.4.2',
46 silly install resolved     _shasum: 'ef61069927f1578ae51408ed60298449c4cdd294',
46 silly install resolved     _from: 'node-sass@*',
46 silly install resolved     _npmVersion: '3.3.6',
46 silly install resolved     _nodeVersion: '5.0.0',
46 silly install resolved     _npmUser: { name: 'xzyfer', email: 'xzyfer@gmail.com' },
46 silly install resolved     maintainers:
46 silly install resolved      [ [Object],
46 silly install resolved        [Object],
46 silly install resolved        [Object],
46 silly install resolved        [Object],
46 silly install resolved        [Object],
46 silly install resolved        [Object],
46 silly install resolved        [Object] ],
46 silly install resolved     dist:
46 silly install resolved      { shasum: 'ef61069927f1578ae51408ed60298449c4cdd294',
46 silly install resolved        tarball: 'http://registry.npmjs.org/node-sass/-/node-sass-3.4.2.tgz' },
46 silly install resolved     directories: {},
46 silly install resolved     _resolved: 'https://registry.npmjs.org/node-sass/-/node-sass-3.4.2.tgz',
46 silly install resolved     readme: 'ERROR: No README data found!' } ]
47 info install node-sass@3.4.2 into /Users/Mike/Websites/personal-website
48 info installOne node-sass@3.4.2
49 verbose installOne of node-sass to /Users/Mike/Websites/personal-website not in flight; installing
50 warn locking Error: EACCES, open '/Users/Mike/.npm/_locks/node-sass-a6dc7921ca26f4c3.lock'
50 warn locking     at Error (native)
50 warn locking  /Users/Mike/.npm/_locks/node-sass-a6dc7921ca26f4c3.lock failed { [Error: EACCES, open '/Users/Mike/.npm/_locks/node-sass-a6dc7921ca26f4c3.lock']
50 warn locking   errno: -13,
50 warn locking   code: 'EACCES',
50 warn locking   path: '/Users/Mike/.npm/_locks/node-sass-a6dc7921ca26f4c3.lock' }
51 verbose stack Error: Attempt to unlock /Users/Mike/Websites/personal-website/node_modules/node-sass, which hasn't been locked
51 verbose stack     at unlock (/usr/local/lib/node_modules/npm/lib/utils/locker.js:66:11)
51 verbose stack     at cb (/usr/local/lib/node_modules/npm/lib/install.js:1017:5)
51 verbose stack     at /usr/local/lib/node_modules/npm/lib/install.js:1021:20
51 verbose stack     at /usr/local/lib/node_modules/npm/lib/utils/locker.js:40:9
51 verbose stack     at cb (/usr/local/lib/node_modules/npm/node_modules/lockfile/lockfile.js:149:38)
51 verbose stack     at /usr/local/lib/node_modules/npm/node_modules/lockfile/lockfile.js:177:38
51 verbose stack     at FSReqWrap.oncomplete (fs.js:95:15)
52 verbose cwd /Users/Mike/Websites/personal-website
53 error Darwin 15.0.0
54 error argv "node" "/usr/local/bin/npm" "install" "node-sass" "--save-dev"
55 error node v0.12.7
56 error npm  v2.11.3
57 error Attempt to unlock /Users/Mike/Websites/personal-website/node_modules/node-sass, which hasn't been locked
58 error If you need help, you may report this error at:
58 error     <https://github.com/npm/npm/issues>
59 verbose exit [ 1, true ]
